<?xml version="1.0" encoding="utf-8"?><testsuites name="pytest tests"><testsuite name="pytest" errors="0" failures="0" skipped="0" tests="8" time="0.293" timestamp="2026-06-20T02:38:44.275506+00:00" hostname="agent-env-fb208c8a-d397-4418-b796-6a8cfd12cb88"><testcase classname="backend.tests.test_dark_mode_iter9_local.TestPreferencesLocal" name="test_get_default" time="0.232" /><testcase classname="backend.tests.test_dark_mode_iter9_local.TestPreferencesLocal" name="test_patch_dark_persists" time="0.005" /><testcase classname="backend.tests.test_dark_mode_iter9_local.TestPreferencesLocal" name="test_patch_light" time="0.002" /><testcase classname="backend.tests.test_dark_mode_iter9_local.TestPreferencesLocal" name="test_patch_system" time="0.002" /><testcase classname="backend.tests.test_dark_mode_iter9_local.TestPreferencesLocal" name="test_invalid_value_rejected" time="0.001" /><testcase classname="backend.tests.test_dark_mode_iter9_local.TestFamilyWallLocal" name="test_get_returns_items_and_active_pid" time="0.003" /><testcase classname="backend.tests.test_dark_mode_iter9_local.TestFamilyWallLocal" name="test_post_text_and_verify" time="0.020" /><testcase classname="backend.tests.test_dark_mode_iter9_local.TestFamilyWallLocal" name="test_post_requires_content" time="0.003" /></testsuite></testsuites>