<?xml version="1.0" encoding="utf-8"?><testsuites name="pytest tests"><testsuite name="pytest" errors="0" failures="0" skipped="0" tests="6" time="23.270" timestamp="2026-06-16T12:40:24.988643+00:00" hostname="agent-env-fb208c8a-d397-4418-b796-6a8cfd12cb88"><testcase classname="backend.tests.test_statement_decoder_quota.TestRoutesSanity" name="test_root_health" time="0.004" /><testcase classname="backend.tests.test_statement_decoder_quota.TestRoutesSanity" name="test_users_me" time="0.311" /><testcase classname="backend.tests.test_statement_decoder_quota.TestRoutesSanity" name="test_list_statements" time="0.005" /><testcase classname="backend.tests.test_statement_decoder_quota.TestPaidPlanUnlimited" name="test_paid_plan_two_uploads_both_succeed" time="6.729" /><testcase classname="backend.tests.test_statement_decoder_quota.TestFreeTierQuota" name="test_first_upload_succeeds_second_returns_402" time="10.513" /><testcase classname="backend.tests.test_statement_decoder_quota.TestFreeTierQuota" name="test_upload_endpoint_also_gated" time="5.602" /></testsuite></testsuites>