<?xml version="1.0" encoding="utf-8"?><testsuites name="pytest tests"><testsuite name="pytest" errors="0" failures="0" skipped="0" tests="21" time="17.183" timestamp="2026-05-09T15:12:04.928710+00:00" hostname="agent-env-fb208c8a-d397-4418-b796-6a8cfd12cb88"><testcase classname="test_phase2_api.TestChat" name="test_chat_post_returns_reply_and_session" time="5.229" /><testcase classname="test_phase2_api.TestChat" name="test_chat_history_ordered" time="0.177" /><testcase classname="test_phase2_api.TestFamilyThread" name="test_post_then_list_message" time="0.186" /><testcase classname="test_phase2_api.TestFamilyThread" name="test_post_empty_body_rejected" time="0.139" /><testcase classname="test_phase2_api.TestParticipant" name="test_today_shape" time="0.144" /><testcase classname="test_phase2_api.TestParticipant" name="test_wellbeing_post_and_list" time="0.148" /><testcase classname="test_phase2_api.TestParticipant" name="test_wellbeing_invalid_mood_rejected" time="0.207" /><testcase classname="test_phase2_api.TestDashboardShare" name="test_share_with_emails_ok" time="0.118" /><testcase classname="test_phase2_api.TestDashboardShare" name="test_share_no_emails_400" time="0.118" /><testcase classname="test_phase2_api.TestPublicBudgetCalc" name="test_basic" time="0.153" /><testcase classname="test_phase2_api.TestPublicBudgetCalc" name="test_invalid_classification_422" time="0.109" /><testcase classname="test_phase2_api.TestPublicPriceCheck" name="test_services_list" time="0.105" /><testcase classname="test_phase2_api.TestPublicPriceCheck" name="test_fair_verdict" time="0.101" /><testcase classname="test_phase2_api.TestPublicPriceCheck" name="test_high_above_cap" time="0.099" /><testcase classname="test_phase2_api.TestPublicPriceCheck" name="test_low_verdict" time="0.106" /><testcase classname="test_phase2_api.TestPublicClassificationCheck" name="test_low_score_range" time="0.100" /><testcase classname="test_phase2_api.TestPublicClassificationCheck" name="test_high_score_range" time="0.112" /><testcase classname="test_phase2_api.TestPublicClassificationCheck" name="test_invalid_answer_value" time="0.104" /><testcase classname="test_phase2_api.TestPublicClassificationCheck" name="test_invalid_answer_length" time="0.147" /><testcase classname="test_phase2_api.TestPublicReassessmentLetter" name="test_generates_letter" time="9.214" /><testcase classname="test_phase2_api.TestGoogleSession" name="test_endpoint_exists_and_validates" time="0.296" /></testsuite></testsuites>