<?xml version="1.0" encoding="utf-8"?><testsuites name="pytest tests"><testsuite name="pytest" errors="0" failures="3" skipped="0" tests="6" time="34.640" timestamp="2026-06-16T12:28:32.338331+00:00" hostname="agent-env-fb208c8a-d397-4418-b796-6a8cfd12cb88"><testcase classname="tests.test_statement_decoder_quota.TestRoutesSanity" name="test_root_health" time="0.004" /><testcase classname="tests.test_statement_decoder_quota.TestRoutesSanity" name="test_users_me" time="0.310"><failure message="AssertionError: {&quot;detail&quot;:&quot;Not Found&quot;}&#10;assert 404 == 200&#10; +  where 404 = &lt;Response [404]&gt;.status_code">tests/test_statement_decoder_quota.py:65: in test_users_me
    assert r.status_code == 200, r.text
E   AssertionError: {"detail":"Not Found"}
E   assert 404 == 200
E    +  where 404 = &lt;Response [404]&gt;.status_code</failure></testcase><testcase classname="tests.test_statement_decoder_quota.TestRoutesSanity" name="test_list_statements" time="0.005" /><testcase classname="tests.test_statement_decoder_quota.TestPaidPlanUnlimited" name="test_paid_plan_two_uploads_both_succeed" time="7.575" /><testcase classname="tests.test_statement_decoder_quota.TestFreeTierQuota" name="test_first_upload_succeeds_second_returns_402" time="14.739"><failure message="AssertionError: second call should be 402: 200 {&quot;job_id&quot;:&quot;b66ec621-4f75-4d92-aae1-133c70ddd78e&quot;,&quot;status&quot;:&quot;pending&quot;}&#10;assert 200 == 402&#10; +  where 200 = &lt;Response [200]&gt;.status_code">tests/test_statement_decoder_quota.py:164: in test_first_upload_succeeds_second_returns_402
    assert r2.status_code == 402, f"second call should be 402: {r2.status_code} {r2.text}"
E   AssertionError: second call should be 402: 200 {"job_id":"b66ec621-4f75-4d92-aae1-133c70ddd78e","status":"pending"}
E   assert 200 == 402
E    +  where 200 = &lt;Response [200]&gt;.status_code</failure></testcase><testcase classname="tests.test_statement_decoder_quota.TestFreeTierQuota" name="test_upload_endpoint_also_gated" time="11.871"><failure message="AssertionError: expected 402, got 422: {&quot;detail&quot;:[{&quot;type&quot;:&quot;missing&quot;,&quot;loc&quot;:[&quot;body&quot;,&quot;file&quot;],&quot;msg&quot;:&quot;Field required&quot;,&quot;input&quot;:null,&quot;url&quot;:&quot;https://errors.pydantic.dev/2.13/v/missing&quot;}]}&#10;assert 422 == 402&#10; +  where 422 = &lt;Response [422]&gt;.status_code">tests/test_statement_decoder_quota.py:208: in test_upload_endpoint_also_gated
    assert r.status_code == 402, f"expected 402, got {r.status_code}: {r.text}"
E   AssertionError: expected 402, got 422: {"detail":[{"type":"missing","loc":["body","file"],"msg":"Field required","input":null,"url":"https://errors.pydantic.dev/2.13/v/missing"}]}
E   assert 422 == 402
E    +  where 422 = &lt;Response [422]&gt;.status_code</failure></testcase></testsuite></testsuites>