<?xml version="1.0" encoding="utf-8"?><testsuites name="pytest tests"><testsuite name="pytest" errors="0" failures="0" skipped="0" tests="19" time="14.014" timestamp="2026-05-09T14:30:38.069390+00:00" hostname="agent-env-fb208c8a-d397-4418-b796-6a8cfd12cb88"><testcase classname="tests.test_wayly_api.TestHealth" name="test_root_ok" time="0.162" /><testcase classname="tests.test_wayly_api.TestAuth" name="test_signup_creates_user_and_returns_jwt" time="0.339" /><testcase classname="tests.test_wayly_api.TestAuth" name="test_signup_rejects_short_password" time="0.102" /><testcase classname="tests.test_wayly_api.TestAuth" name="test_signup_duplicate_email" time="0.118" /><testcase classname="tests.test_wayly_api.TestAuth" name="test_login_demo_returns_token_and_user" time="0.344" /><testcase classname="tests.test_wayly_api.TestAuth" name="test_login_wrong_password_returns_401" time="0.322" /><testcase classname="tests.test_wayly_api.TestAuth" name="test_me_requires_bearer" time="0.103" /><testcase classname="tests.test_wayly_api.TestAuth" name="test_me_returns_current_user" time="0.455" /><testcase classname="tests.test_wayly_api.TestHousehold" name="test_get_household_returns_seeded" time="0.110" /><testcase classname="tests.test_wayly_api.TestHousehold" name="test_create_household_for_new_user" time="0.533" /><testcase classname="tests.test_wayly_api.TestStatements" name="test_list_returns_seeded_statement" time="0.122" /><testcase classname="tests.test_wayly_api.TestStatements" name="test_get_statement_detail" time="0.181" /><testcase classname="tests.test_wayly_api.TestStatements" name="test_get_unknown_statement_404" time="0.102" /><testcase classname="tests.test_wayly_api.TestStatements" name="test_upload_csv_returns_job_and_completes" time="10.321" /><testcase classname="tests.test_wayly_api.TestStatements" name="test_upload_empty_file_400" time="0.106" /><testcase classname="tests.test_wayly_api.TestBudget" name="test_current_budget_shape" time="0.110" /><testcase classname="tests.test_wayly_api.TestNotifications" name="test_list_unread" time="0.104" /><testcase classname="tests.test_wayly_api.TestNotifications" name="test_mark_read_then_unread_zero" time="0.162" /><testcase classname="tests.test_wayly_api.TestNotifications" name="test_register_push_token" time="0.150" /></testsuite></testsuites>